-------------------------------------------------------------------------------
Test set: TestSuite
-------------------------------------------------------------------------------
Tests run: 3, Failures: 1, Errors: 0, Skipped: 0, Time elapsed: 448.22 s <<< FAILURE! - in TestSuite
runScenario(com.crowdar.bdd.cukes.TestNGSecuencialRunner)  Time elapsed: 72.026 s  <<< FAILURE!
java.lang.AssertionError: expected [true] but found [false]

